E:\Developer\ASP.NET\Research\ngGitHouse-master\ngGitHouse\scripts\out-tsc\app\git-repo-info.js
E:\Developer\ASP.NET\Research\ngGitHouse-master\ngGitHouse\scripts\out-tsc\app\git-repo-info.js.map
E:\Developer\ASP.NET\Research\ngGitHouse-master\ngGitHouse\scripts\out-tsc\app\github.service.js
E:\Developer\ASP.NET\Research\ngGitHouse-master\ngGitHouse\scripts\out-tsc\app\github.service.js.map
E:\Developer\ASP.NET\Research\ngGitHouse-master\ngGitHouse\scripts\out-tsc\app\app.component.js
E:\Developer\ASP.NET\Research\ngGitHouse-master\ngGitHouse\scripts\out-tsc\app\app.component.js.map
E:\Developer\ASP.NET\Research\ngGitHouse-master\ngGitHouse\scripts\out-tsc\app\gitrepos\gitrepos.component.js
E:\Developer\ASP.NET\Research\ngGitHouse-master\ngGitHouse\scripts\out-tsc\app\gitrepos\gitrepos.component.js.map
E:\Developer\ASP.NET\Research\ngGitHouse-master\ngGitHouse\scripts\out-tsc\app\gitrepos\gitrepo\gitrepo.component.js
E:\Developer\ASP.NET\Research\ngGitHouse-master\ngGitHouse\scripts\out-tsc\app\gitrepos\gitrepo\gitrepo.component.js.map
E:\Developer\ASP.NET\Research\ngGitHouse-master\ngGitHouse\scripts\out-tsc\app\bookmarks\bookmarks.component.js
E:\Developer\ASP.NET\Research\ngGitHouse-master\ngGitHouse\scripts\out-tsc\app\bookmarks\bookmarks.component.js.map
E:\Developer\ASP.NET\Research\ngGitHouse-master\ngGitHouse\scripts\out-tsc\app\app-routing.module.js
E:\Developer\ASP.NET\Research\ngGitHouse-master\ngGitHouse\scripts\out-tsc\app\app-routing.module.js.map
E:\Developer\ASP.NET\Research\ngGitHouse-master\ngGitHouse\scripts\out-tsc\app\app.module.js
E:\Developer\ASP.NET\Research\ngGitHouse-master\ngGitHouse\scripts\out-tsc\app\app.module.js.map
E:\Developer\ASP.NET\Research\ngGitHouse-master\ngGitHouse\scripts\out-tsc\environments\environment.js
E:\Developer\ASP.NET\Research\ngGitHouse-master\ngGitHouse\scripts\out-tsc\environments\environment.js.map
E:\Developer\ASP.NET\Research\ngGitHouse-master\ngGitHouse\scripts\out-tsc\main.js
E:\Developer\ASP.NET\Research\ngGitHouse-master\ngGitHouse\scripts\out-tsc\main.js.map
E:\Developer\ASP.NET\Research\ngGitHouse-master\ngGitHouse\scripts\out-tsc\polyfills.js
E:\Developer\ASP.NET\Research\ngGitHouse-master\ngGitHouse\scripts\out-tsc\polyfills.js.map
E:\Developer\ASP.NET\Research\ngGitHouse-master\ngGitHouse\scripts\out-tsc\test.js
E:\Developer\ASP.NET\Research\ngGitHouse-master\ngGitHouse\scripts\out-tsc\test.js.map
E:\Developer\ASP.NET\Research\ngGitHouse-master\ngGitHouse\scripts\out-tsc\app\app.component.spec.js
E:\Developer\ASP.NET\Research\ngGitHouse-master\ngGitHouse\scripts\out-tsc\app\app.component.spec.js.map
E:\Developer\ASP.NET\Research\ngGitHouse-master\ngGitHouse\scripts\out-tsc\environments\environment.prod.js
E:\Developer\ASP.NET\Research\ngGitHouse-master\ngGitHouse\scripts\out-tsc\environments\environment.prod.js.map
